<?xml version="1.0" encoding="UTF-8"?>
<!-- Generated by org.testng.reporters.JUnitXMLReporter -->
<testsuite ignored="1" hostname="DESKTOP-DU8608T" failures="0" tests="2" name="Test" time="25.421" errors="0" timestamp="2025-02-18T21:56:04 IST">
  <testcase classname="testCases.TC001_AccountRegistrationPage" name="verify_AccountRegistration" time="3.85"/>
  <testcase classname="testCases.TC002_LoginTest" name="verify_login" time="4.103"/>
  <testcase classname="testCases.TC003_LoginDatadrivenTest" name="verify_loginDDT" time="0.0">
    <ignored/>
  </testcase> <!-- verify_loginDDT -->
</testsuite> <!-- Test -->
