<?xml version="1.0" encoding="UTF-8"?>
<testng-results ignored="1" total="3" passed="2" failed="0" skipped="0">
  <reporter-output>
  </reporter-output>
  <suite started-at="2025-02-18T21:55:39 IST" name="Master Suite" finished-at="2025-02-18T21:56:04 IST" duration-ms="25421">
    <groups>
      <group name="Master">
        <method signature="TC001_AccountRegistrationPage.verify_AccountRegistration()[pri:0, instance:testCases.TC001_AccountRegistrationPage@209da20d]" name="verify_AccountRegistration" class="testCases.TC001_AccountRegistrationPage"/>
        <method signature="TC002_LoginTest.verify_login()[pri:0, instance:testCases.TC002_LoginTest@5d0a1059]" name="verify_login" class="testCases.TC002_LoginTest"/>
      </group> <!-- Master -->
      <group name="Regression">
        <method signature="TC001_AccountRegistrationPage.verify_AccountRegistration()[pri:0, instance:testCases.TC001_AccountRegistrationPage@209da20d]" name="verify_AccountRegistration" class="testCases.TC001_AccountRegistrationPage"/>
      </group> <!-- Regression -->
      <group name="sanity">
        <method signature="TC002_LoginTest.verify_login()[pri:0, instance:testCases.TC002_LoginTest@5d0a1059]" name="verify_login" class="testCases.TC002_LoginTest"/>
      </group> <!-- sanity -->
    </groups>
    <test started-at="2025-02-18T21:55:39 IST" name="Test" finished-at="2025-02-18T21:56:04 IST" duration-ms="25421">
      <class name="testCases.TC002_LoginTest">
        <test-method is-config="true" signature="setUp(java.lang.String,java.lang.String)[pri:0, instance:testCases.TC002_LoginTest@5d0a1059]" started-at="2025-02-18T21:55:52 IST" name="setUp" finished-at="2025-02-18T21:55:59 IST" duration-ms="6438" status="PASS">
          <params>
            <param index="0">
              <value>
                <![CDATA[Windows]]>
              </value>
            </param>
            <param index="1">
              <value>
                <![CDATA[chrome]]>
              </value>
            </param>
          </params>
          <reporter-output>
          </reporter-output>
        </test-method> <!-- setUp -->
        <test-method signature="verify_login()[pri:0, instance:testCases.TC002_LoginTest@5d0a1059]" started-at="2025-02-18T21:55:59 IST" name="verify_login" finished-at="2025-02-18T21:56:03 IST" duration-ms="4103" status="PASS">
          <reporter-output>
          </reporter-output>
        </test-method> <!-- verify_login -->
        <test-method is-config="true" signature="tearDown()[pri:0, instance:testCases.TC002_LoginTest@5d0a1059]" started-at="2025-02-18T21:56:03 IST" name="tearDown" finished-at="2025-02-18T21:56:04 IST" duration-ms="1547" status="PASS">
          <reporter-output>
          </reporter-output>
        </test-method> <!-- tearDown -->
      </class> <!-- testCases.TC002_LoginTest -->
      <class name="testCases.TC001_AccountRegistrationPage">
        <test-method is-config="true" signature="setUp(java.lang.String,java.lang.String)[pri:0, instance:testCases.TC001_AccountRegistrationPage@209da20d]" started-at="2025-02-18T21:55:39 IST" name="setUp" finished-at="2025-02-18T21:55:48 IST" duration-ms="8481" status="PASS">
          <params>
            <param index="0">
              <value>
                <![CDATA[Windows]]>
              </value>
            </param>
            <param index="1">
              <value>
                <![CDATA[chrome]]>
              </value>
            </param>
          </params>
          <reporter-output>
          </reporter-output>
        </test-method> <!-- setUp -->
        <test-method signature="verify_AccountRegistration()[pri:0, instance:testCases.TC001_AccountRegistrationPage@209da20d]" started-at="2025-02-18T21:55:48 IST" name="verify_AccountRegistration" finished-at="2025-02-18T21:55:52 IST" duration-ms="3850" status="PASS">
          <reporter-output>
          </reporter-output>
        </test-method> <!-- verify_AccountRegistration -->
        <test-method is-config="true" signature="tearDown()[pri:0, instance:testCases.TC001_AccountRegistrationPage@209da20d]" started-at="2025-02-18T21:55:52 IST" name="tearDown" finished-at="2025-02-18T21:55:52 IST" duration-ms="488" status="PASS">
          <reporter-output>
          </reporter-output>
        </test-method> <!-- tearDown -->
      </class> <!-- testCases.TC001_AccountRegistrationPage -->
    </test> <!-- Test -->
  </suite> <!-- Master Suite -->
</testng-results>
